<?xml version="1.0" encoding="UTF-8"?>
<!-- Generated by org.testng.reporters.JUnitReportReporter -->
<testsuite hostname="LIN66008762" failures="0" tests="5" name="org.test.Testproj3" time="0.007" errors="0" timestamp="2023-09-20T01:14:29 IST" skipped="0">
  <testcase classname="org.test.Testproj3" name="demo4" time="0.002"/>
  <testcase classname="org.test.Testproj3" name="demo5" time="0.001"/>
  <testcase classname="org.test.Testproj3" name="demo3" time="0.001"/>
  <testcase classname="org.test.Testproj3" name="demo4" time="0.001"/>
  <testcase classname="org.test.Testproj3" name="demo4" time="0.002"/>
</testsuite> <!-- org.test.Testproj3 -->
