<?xml version="1.0" encoding="UTF-8"?>
<!-- Generated by org.testng.reporters.JUnitReportReporter -->
<testsuite hostname="LIN66008762" failures="0" tests="6" name="org.test.Testproj5" time="0.052" errors="0" timestamp="2023-09-13T12:31:32 IST" skipped="1">
  <testcase classname="org.test.Testproj5" name="demo11" time="0.004"/>
  <testcase classname="org.test.Testproj5" name="demo9" time="0.020"/>
  <testcase classname="org.test.Testproj5" name="demo10" time="0.015"/>
  <testcase classname="org.test.Testproj5" name="demo6" time="0.003"/>
  <testcase classname="org.test.Testproj5" name="demo7" time="0.010"/>
  <testcase classname="org.test.Testproj5" name="demo8">
    <skipped/>
  </testcase> <!-- demo8 -->
</testsuite> <!-- org.test.Testproj5 -->
