<?xml version="1.0" encoding="UTF-8"?>
<!-- Generated by org.testng.reporters.JUnitReportReporter -->
<testsuite hostname="LIN66008762" failures="0" tests="1" name="org.test.Testproj1" time="0.017" errors="0" timestamp="2023-09-12T21:19:36 IST" skipped="0">
  <testcase classname="org.test.Testproj1" name="demo" time="0.017"/>
</testsuite> <!-- org.test.Testproj1 -->
