<?xml version="1.0" encoding="UTF-8"?>
<!-- Generated by org.testng.reporters.JUnitReportReporter -->
<testsuite hostname="LIN66008762" failures="0" tests="5" name="org.test.Testproj3" time="0.034" errors="0" timestamp="2023-09-13T12:31:32 IST" skipped="0">
  <testcase classname="org.test.Testproj3" name="demo4" time="0.005"/>
  <testcase classname="org.test.Testproj3" name="demo5" time="0.012"/>
  <testcase classname="org.test.Testproj3" name="demo4" time="0.008"/>
  <testcase classname="org.test.Testproj3" name="demo4" time="0.003"/>
  <testcase classname="org.test.Testproj3" name="demo3" time="0.006"/>
</testsuite> <!-- org.test.Testproj3 -->
