<?xml version="1.0" encoding="UTF-8"?>
<!-- Generated by org.testng.reporters.JUnitReportReporter -->
<testsuite hostname="LIN66008762" failures="0" tests="1" name="org.test.Testproj2" time="0.015" errors="0" timestamp="2023-09-12T22:41:39 IST" skipped="0">
  <testcase classname="org.test.Testproj2" name="test2" time="0.015"/>
</testsuite> <!-- org.test.Testproj2 -->
