<?xml version="1.0" encoding="UTF-8"?>
<!-- Generated by org.testng.reporters.JUnitReportReporter -->
<testsuite hostname="LIN66008762" failures="0" tests="2" name="org.test.Testproj4" time="0.024" errors="0" timestamp="2023-09-13T12:31:32 IST" skipped="0">
  <testcase classname="org.test.Testproj4" name="demo3" time="0.020"/>
  <testcase classname="org.test.Testproj4" name="demo4" time="0.004"/>
</testsuite> <!-- org.test.Testproj4 -->
