<?xml version="1.0" encoding="UTF-8"?>
<!-- Generated by org.testng.reporters.JUnitReportReporter -->
<testsuite hostname="LIN66008762" failures="0" tests="2" name="cucumber.TestNGTestRunner" time="27.280" errors="0" timestamp="2023-09-20T23:51:29 IST" skipped="0">
  <testcase classname="cucumber.TestNGTestRunner" name="runScenario" time="14.881"/>
  <testcase classname="cucumber.TestNGTestRunner" name="runScenario" time="12.399"/>
</testsuite> <!-- cucumber.TestNGTestRunner -->
