<?xml version="1.0" encoding="UTF-8"?>
<!-- Generated by org.testng.reporters.JUnitReportReporter -->
<testsuite hostname="LIN66008762" failures="0" tests="1" name="krishnaselenium.SeleniumAutomationFramework.ErrorValidationsTest" time="17.533" errors="0" timestamp="2023-09-20T23:36:32 IST" skipped="0">
  <testcase classname="krishnaselenium.SeleniumAutomationFramework.ErrorValidationsTest" name="loginFailureTest" time="17.533"/>
</testsuite> <!-- krishnaselenium.SeleniumAutomationFramework.ErrorValidationsTest -->
