<?xml version="1.0" encoding="UTF-8"?>
<!-- Generated by org.testng.reporters.JUnitReportReporter -->
<testsuite hostname="LIN66008762" failures="0" tests="1" name="krishnaselenium.ExtentReports.ExtentReportsDemo" time="12.993" errors="0" timestamp="2023-09-19T13:03:07 IST" skipped="0">
  <testcase classname="krishnaselenium.ExtentReports.ExtentReportsDemo" name="sampleDemo1" time="12.993"/>
</testsuite> <!-- krishnaselenium.ExtentReports.ExtentReportsDemo -->
